Traceback (most recent call last):
  File "/home/flavius/anaconda3/bin/streamlit", line 8, in <module>
    sys.exit(main())
  File "/home/flavius/anaconda3/lib/python3.9/site-packages/click/core.py", line 1130, in __call__
    return self.main(*args, **kwargs)
  File "/home/flavius/anaconda3/lib/python3.9/site-packages/click/core.py", line 1055, in main
    rv = self.invoke(ctx)
  File "/home/flavius/anaconda3/lib/python3.9/site-packages/click/core.py", line 1657, in invoke
    return _process_result(sub_ctx.command.invoke(sub_ctx))
  File "/home/flavius/anaconda3/lib/python3.9/site-packages/click/core.py", line 1404, in invoke
    return ctx.invoke(self.callback, **ctx.params)
  File "/home/flavius/anaconda3/lib/python3.9/site-packages/click/core.py", line 760, in invoke
    return __callback(*args, **kwargs)
  File "/home/flavius/anaconda3/lib/python3.9/site-packages/streamlit/web/cli.py", line 206, in main_run
    _main_run(target, args, flag_options=kwargs)
  File "/home/flavius/anaconda3/lib/python3.9/site-packages/streamlit/web/cli.py", line 242, in _main_run
    bootstrap.run(file, command_line, args, flag_options)
  File "/home/flavius/anaconda3/lib/python3.9/site-packages/streamlit/web/bootstrap.py", line 397, in run
    _install_pages_watcher(main_script_path)
  File "/home/flavius/anaconda3/lib/python3.9/site-packages/streamlit/web/bootstrap.py", line 373, in _install_pages_watcher
    watch_dir(
  File "/home/flavius/anaconda3/lib/python3.9/site-packages/streamlit/watcher/path_watcher.py", line 153, in watch_dir
    return _watch_path(
  File "/home/flavius/anaconda3/lib/python3.9/site-packages/streamlit/watcher/path_watcher.py", line 128, in _watch_path
    watcher_class(
  File "/home/flavius/anaconda3/lib/python3.9/site-packages/streamlit/watcher/event_based_path_watcher.py", line 92, in __init__
    path_watcher.watch_path(
  File "/home/flavius/anaconda3/lib/python3.9/site-packages/streamlit/watcher/event_based_path_watcher.py", line 170, in watch_path
    folder_handler.watch = self._observer.schedule(
  File "/home/flavius/anaconda3/lib/python3.9/site-packages/watchdog/observers/api.py", line 297, in schedule
    emitter.start()
  File "/home/flavius/anaconda3/lib/python3.9/site-packages/watchdog/utils/__init__.py", line 93, in start
    self.on_thread_start()
  File "/home/flavius/anaconda3/lib/python3.9/site-packages/watchdog/observers/inotify.py", line 118, in on_thread_start
    self._inotify = InotifyBuffer(path, self.watch.is_recursive)
  File "/home/flavius/anaconda3/lib/python3.9/site-packages/watchdog/observers/inotify_buffer.py", line 35, in __init__
    self._inotify = Inotify(path, recursive)
  File "/home/flavius/anaconda3/lib/python3.9/site-packages/watchdog/observers/inotify_c.py", line 167, in __init__
    self._add_dir_watch(path, recursive, event_mask)
  File "/home/flavius/anaconda3/lib/python3.9/site-packages/watchdog/observers/inotify_c.py", line 364, in _add_dir_watch
    self._add_watch(path, mask)
  File "/home/flavius/anaconda3/lib/python3.9/site-packages/watchdog/observers/inotify_c.py", line 385, in _add_watch
    Inotify._raise_error()
  File "/home/flavius/anaconda3/lib/python3.9/site-packages/watchdog/observers/inotify_c.py", line 397, in _raise_error
    raise OSError(errno.ENOSPC, "inotify watch limit reached")
OSError: [Errno 28] inotify watch limit reached

  You can now view your Streamlit app in your browser.

  Local URL: http://localhost:8502
  Network URL: http://192.168.0.12:8502

/home/flavius/egrn_last/app.py:14: RemovedIn20Warning: Deprecated API features detected! These feature(s) are not compatible with SQLAlchemy 2.0. To prevent incompatible upgrades prior to updating applications, ensure requirements files are pinned to "sqlalchemy<2.0". Set environment variable SQLALCHEMY_WARN_20=1 to show all deprecation warnings.  Set environment variable SQLALCHEMY_SILENCE_UBER_WARNING=1 to silence this message. (Background on SQLAlchemy 2.0 at: https://sqlalche.me/e/b8d9)
  ngrns = [ngrn[0] for ngrn in engine.execute(ngrn_command_sql).fetchall()]
  Stopping...

  You can now view your Streamlit app in your browser.

  Local URL: http://localhost:8502
  Network URL: http://192.168.0.12:8502

/home/flavius/egrn_last/app.py:14: RemovedIn20Warning: Deprecated API features detected! These feature(s) are not compatible with SQLAlchemy 2.0. To prevent incompatible upgrades prior to updating applications, ensure requirements files are pinned to "sqlalchemy<2.0". Set environment variable SQLALCHEMY_WARN_20=1 to show all deprecation warnings.  Set environment variable SQLALCHEMY_SILENCE_UBER_WARNING=1 to silence this message. (Background on SQLAlchemy 2.0 at: https://sqlalche.me/e/b8d9)
  ngrns = [ngrn[0] for ngrn in engine.execute(ngrn_command_sql).fetchall()]
  Stopping...

  You can now view your Streamlit app in your browser.

  Local URL: http://localhost:8502
  Network URL: http://192.168.0.12:8502

/home/flavius/egrn_last/app.py:14: RemovedIn20Warning: Deprecated API features detected! These feature(s) are not compatible with SQLAlchemy 2.0. To prevent incompatible upgrades prior to updating applications, ensure requirements files are pinned to "sqlalchemy<2.0". Set environment variable SQLALCHEMY_WARN_20=1 to show all deprecation warnings.  Set environment variable SQLALCHEMY_SILENCE_UBER_WARNING=1 to silence this message. (Background on SQLAlchemy 2.0 at: https://sqlalche.me/e/b8d9)
  ngrns = [ngrn[0] for ngrn in engine.execute(ngrn_command_sql).fetchall()]
  Stopping...

  You can now view your Streamlit app in your browser.

  Local URL: http://localhost:8502
  Network URL: http://192.168.0.12:8502

/home/flavius/egrn_last/app.py:14: RemovedIn20Warning: Deprecated API features detected! These feature(s) are not compatible with SQLAlchemy 2.0. To prevent incompatible upgrades prior to updating applications, ensure requirements files are pinned to "sqlalchemy<2.0". Set environment variable SQLALCHEMY_WARN_20=1 to show all deprecation warnings.  Set environment variable SQLALCHEMY_SILENCE_UBER_WARNING=1 to silence this message. (Background on SQLAlchemy 2.0 at: https://sqlalche.me/e/b8d9)
  ngrns = [ngrn[0] for ngrn in engine.execute(ngrn_command_sql).fetchall()]

  You can now view your Streamlit app in your browser.

  Local URL: http://localhost:8503
  Network URL: http://192.168.0.12:8503

/home/flavius/egrn_last/app.py:14: RemovedIn20Warning: Deprecated API features detected! These feature(s) are not compatible with SQLAlchemy 2.0. To prevent incompatible upgrades prior to updating applications, ensure requirements files are pinned to "sqlalchemy<2.0". Set environment variable SQLALCHEMY_WARN_20=1 to show all deprecation warnings.  Set environment variable SQLALCHEMY_SILENCE_UBER_WARNING=1 to silence this message. (Background on SQLAlchemy 2.0 at: https://sqlalche.me/e/b8d9)
  ngrns = [ngrn[0] for ngrn in engine.execute(ngrn_command_sql).fetchall()]
  Stopping...

  You can now view your Streamlit app in your browser.

  Local URL: http://localhost:8503
  Network URL: http://192.168.0.12:8503

/home/flavius/egrn_last/app.py:14: RemovedIn20Warning: Deprecated API features detected! These feature(s) are not compatible with SQLAlchemy 2.0. To prevent incompatible upgrades prior to updating applications, ensure requirements files are pinned to "sqlalchemy<2.0". Set environment variable SQLALCHEMY_WARN_20=1 to show all deprecation warnings.  Set environment variable SQLALCHEMY_SILENCE_UBER_WARNING=1 to silence this message. (Background on SQLAlchemy 2.0 at: https://sqlalche.me/e/b8d9)
  ngrns = [ngrn[0] for ngrn in engine.execute(ngrn_command_sql).fetchall()]
  Stopping...

  You can now view your Streamlit app in your browser.

  Local URL: http://localhost:8503
  Network URL: http://192.168.0.12:8503

/home/flavius/egrn_last/app.py:14: RemovedIn20Warning: Deprecated API features detected! These feature(s) are not compatible with SQLAlchemy 2.0. To prevent incompatible upgrades prior to updating applications, ensure requirements files are pinned to "sqlalchemy<2.0". Set environment variable SQLALCHEMY_WARN_20=1 to show all deprecation warnings.  Set environment variable SQLALCHEMY_SILENCE_UBER_WARNING=1 to silence this message. (Background on SQLAlchemy 2.0 at: https://sqlalche.me/e/b8d9)
  ngrns = [ngrn[0] for ngrn in engine.execute(ngrn_command_sql).fetchall()]
  Stopping...

  You can now view your Streamlit app in your browser.

  Local URL: http://localhost:8503
  Network URL: http://192.168.0.12:8503

/home/flavius/egrn_last/app.py:14: RemovedIn20Warning: Deprecated API features detected! These feature(s) are not compatible with SQLAlchemy 2.0. To prevent incompatible upgrades prior to updating applications, ensure requirements files are pinned to "sqlalchemy<2.0". Set environment variable SQLALCHEMY_WARN_20=1 to show all deprecation warnings.  Set environment variable SQLALCHEMY_SILENCE_UBER_WARNING=1 to silence this message. (Background on SQLAlchemy 2.0 at: https://sqlalche.me/e/b8d9)
  ngrns = [ngrn[0] for ngrn in engine.execute(ngrn_command_sql).fetchall()]
  Stopping...

  You can now view your Streamlit app in your browser.

  Local URL: http://localhost:8503
  Network URL: http://192.168.0.12:8503

/home/flavius/egrn_last/app.py:14: RemovedIn20Warning: Deprecated API features detected! These feature(s) are not compatible with SQLAlchemy 2.0. To prevent incompatible upgrades prior to updating applications, ensure requirements files are pinned to "sqlalchemy<2.0". Set environment variable SQLALCHEMY_WARN_20=1 to show all deprecation warnings.  Set environment variable SQLALCHEMY_SILENCE_UBER_WARNING=1 to silence this message. (Background on SQLAlchemy 2.0 at: https://sqlalche.me/e/b8d9)
  ngrns = [ngrn[0] for ngrn in engine.execute(ngrn_command_sql).fetchall()]
  Stopping...

  You can now view your Streamlit app in your browser.

  Local URL: http://localhost:8503
  Network URL: http://192.168.0.12:8503

/home/flavius/egrn_last/app.py:14: RemovedIn20Warning: Deprecated API features detected! These feature(s) are not compatible with SQLAlchemy 2.0. To prevent incompatible upgrades prior to updating applications, ensure requirements files are pinned to "sqlalchemy<2.0". Set environment variable SQLALCHEMY_WARN_20=1 to show all deprecation warnings.  Set environment variable SQLALCHEMY_SILENCE_UBER_WARNING=1 to silence this message. (Background on SQLAlchemy 2.0 at: https://sqlalche.me/e/b8d9)
  ngrns = [ngrn[0] for ngrn in engine.execute(ngrn_command_sql).fetchall()]
  Stopping...

  You can now view your Streamlit app in your browser.

  Local URL: http://localhost:8503
  Network URL: http://192.168.0.12:8503

app.py:14: RemovedIn20Warning: Deprecated API features detected! These feature(s) are not compatible with SQLAlchemy 2.0. To prevent incompatible upgrades prior to updating applications, ensure requirements files are pinned to "sqlalchemy<2.0". Set environment variable SQLALCHEMY_WARN_20=1 to show all deprecation warnings.  Set environment variable SQLALCHEMY_SILENCE_UBER_WARNING=1 to silence this message. (Background on SQLAlchemy 2.0 at: https://sqlalche.me/e/b8d9)
  ngrns = [ngrn[0] for ngrn in engine.execute(ngrn_command_sql).fetchall()]
  Stopping...

  You can now view your Streamlit app in your browser.

  Local URL: http://localhost:8503
  Network URL: http://192.168.0.12:8503

/home/flavius/egrn_last/app.py:14: RemovedIn20Warning: Deprecated API features detected! These feature(s) are not compatible with SQLAlchemy 2.0. To prevent incompatible upgrades prior to updating applications, ensure requirements files are pinned to "sqlalchemy<2.0". Set environment variable SQLALCHEMY_WARN_20=1 to show all deprecation warnings.  Set environment variable SQLALCHEMY_SILENCE_UBER_WARNING=1 to silence this message. (Background on SQLAlchemy 2.0 at: https://sqlalche.me/e/b8d9)
  ngrns = [ngrn[0] for ngrn in engine.execute(ngrn_command_sql).fetchall()]
  Stopping...

  You can now view your Streamlit app in your browser.

  Local URL: http://localhost:8503
  Network URL: http://192.168.0.12:8503

/home/flavius/egrn_last/app.py:14: RemovedIn20Warning: Deprecated API features detected! These feature(s) are not compatible with SQLAlchemy 2.0. To prevent incompatible upgrades prior to updating applications, ensure requirements files are pinned to "sqlalchemy<2.0". Set environment variable SQLALCHEMY_WARN_20=1 to show all deprecation warnings.  Set environment variable SQLALCHEMY_SILENCE_UBER_WARNING=1 to silence this message. (Background on SQLAlchemy 2.0 at: https://sqlalche.me/e/b8d9)
  ngrns = [ngrn[0] for ngrn in engine.execute(ngrn_command_sql).fetchall()]
  Stopping...

  You can now view your Streamlit app in your browser.

  Local URL: http://localhost:8503
  Network URL: http://192.168.0.12:8503

/home/flavius/egrn_last/app.py:14: RemovedIn20Warning: Deprecated API features detected! These feature(s) are not compatible with SQLAlchemy 2.0. To prevent incompatible upgrades prior to updating applications, ensure requirements files are pinned to "sqlalchemy<2.0". Set environment variable SQLALCHEMY_WARN_20=1 to show all deprecation warnings.  Set environment variable SQLALCHEMY_SILENCE_UBER_WARNING=1 to silence this message. (Background on SQLAlchemy 2.0 at: https://sqlalche.me/e/b8d9)
  ngrns = [ngrn[0] for ngrn in engine.execute(ngrn_command_sql).fetchall()]
  Stopping...
